<?xml version="1.0" encoding="UTF-8"?>
<testsuite name="JUnit Jupiter" tests="15" skipped="0" failures="0" errors="0" time="0.144" hostname="AMALITECH-PC-GH-PC-10702" timestamp="2025-12-17T10:26:19">
<properties>
[...]
</properties>
<testcase name="filterProjectsByType_returnsOnlyMatchingType()" classname="services.StreamServiceTests" time="0.001">
<system-out><![CDATA[
unique-id: [engine:junit-jupiter]/[class:services.StreamServiceTests]/[method:filterProjectsByType_returnsOnlyMatchingType()]
display-name: filterProjectsByType_returnsOnlyMatchingType()
]]></system-out>
</testcase>
<testcase name="projectNoFoundTest()" classname="services.ProjectServiceTests" time="0.004">
<system-out><![CDATA[
unique-id: [engine:junit-jupiter]/[class:services.ProjectServiceTests]/[method:projectNoFoundTest()]
display-name: projectNoFoundTest()
]]></system-out>
</testcase>
<testcase name="loadProjects_whenFileMissing_doesNotThrow()" classname="utils.FileUtilsTests" time="0.051">
<system-out><![CDATA[
unique-id: [engine:junit-jupiter]/[class:utils.FileUtilsTests]/[method:loadProjects_whenFileMissing_doesNotThrow()]
display-name: loadProjects_whenFileMissing_doesNotThrow()
]]></system-out>
</testcase>
<testcase name="createSoftwareProjectTest()" classname="services.ProjectServiceTests" time="0.001">
<system-out><![CDATA[
unique-id: [engine:junit-jupiter]/[class:services.ProjectServiceTests]/[method:createSoftwareProjectTest()]
display-name: createSoftwareProjectTest()
]]></system-out>
</testcase>
<testcase name="NotNegativeaBudgetRangeTest()" classname="utils.ValidationUtilsTests" time="0.001">
<system-out><![CDATA[
unique-id: [engine:junit-jupiter]/[class:utils.ValidationUtilsTests]/[method:NotNegativeaBudgetRangeTest()]
display-name: NotNegativeaBudgetRangeTest()
]]></system-out>
</testcase>
<testcase name="createTaskTest()" classname="services.TaskServiceTests" time="0.001">
<system-out><![CDATA[
unique-id: [engine:junit-jupiter]/[class:services.TaskServiceTests]/[method:createTaskTest()]
display-name: createTaskTest()
]]></system-out>
</testcase>
<testcase name="taskCreatedToRightProjectTest()" classname="services.TaskServiceTests" time="0.001">
<system-out><![CDATA[
unique-id: [engine:junit-jupiter]/[class:services.TaskServiceTests]/[method:taskCreatedToRightProjectTest()]
display-name: taskCreatedToRightProjectTest()
]]></system-out>
</testcase>
<testcase name="loadProjects_populatesServicesFromSavedFile()" classname="utils.FileUtilsTests" time="0.03">
<system-out><![CDATA[
unique-id: [engine:junit-jupiter]/[class:utils.FileUtilsTests]/[method:loadProjects_populatesServicesFromSavedFile()]
display-name: loadProjects_populatesServicesFromSavedFile()
]]></system-out>
</testcase>
<testcase name="updateTaskWithRightStatusTest()" classname="services.TaskServiceTests" time="0.001">
<system-out><![CDATA[
unique-id: [engine:junit-jupiter]/[class:services.TaskServiceTests]/[method:updateTaskWithRightStatusTest()]
display-name: updateTaskWithRightStatusTest()
]]></system-out>
</testcase>
<testcase name="filterTasks_filtersByProjectAndPredicate()" classname="services.StreamServiceTests" time="0.001">
<system-out><![CDATA[
unique-id: [engine:junit-jupiter]/[class:services.StreamServiceTests]/[method:filterTasks_filtersByProjectAndPredicate()]
display-name: filterTasks_filtersByProjectAndPredicate()
]]></system-out>
</testcase>
<testcase name="createHardwareProjectTest()" classname="services.ProjectServiceTests" time="0">
<system-out><![CDATA[
unique-id: [engine:junit-jupiter]/[class:services.ProjectServiceTests]/[method:createHardwareProjectTest()]
display-name: createHardwareProjectTest()
]]></system-out>
</testcase>
<testcase name="saveProjects_writesNonEmptyJsonFile()" classname="utils.FileUtilsTests" time="0.002">
<system-out><![CDATA[
unique-id: [engine:junit-jupiter]/[class:utils.FileUtilsTests]/[method:saveProjects_writesNonEmptyJsonFile()]
display-name: saveProjects_writesNonEmptyJsonFile()
]]></system-out>
</testcase>
<testcase name="validBudgetRange()" classname="utils.ValidationUtilsTests" time="0.001">
<system-out><![CDATA[
unique-id: [engine:junit-jupiter]/[class:utils.ValidationUtilsTests]/[method:validBudgetRange()]
display-name: validBudgetRange()
]]></system-out>
</testcase>
<testcase name="GreaterThanZeroBudgetRangeTest()" classname="utils.ValidationUtilsTests" time="0.001">
<system-out><![CDATA[
unique-id: [engine:junit-jupiter]/[class:utils.ValidationUtilsTests]/[method:GreaterThanZeroBudgetRangeTest()]
display-name: GreaterThanZeroBudgetRangeTest()
]]></system-out>
</testcase>
<testcase name="completionRate_calculatesPercentageForProject()" classname="services.StreamServiceTests" time="0.003">
<system-out><![CDATA[
unique-id: [engine:junit-jupiter]/[class:services.StreamServiceTests]/[method:completionRate_calculatesPercentageForProject()]
display-name: completionRate_calculatesPercentageForProject()
]]></system-out>
</testcase>
<system-out><![CDATA[
unique-id: [engine:junit-jupiter]
display-name: JUnit Jupiter
]]></system-out>
</testsuite>
